<?xml version="1.0" encoding="UTF-8"?>
<!-- Generated by org.testng.reporters.JUnitXMLReporter -->
<testsuite ignored="0" hostname="ajeybaskars-MacBook-Air.local" failures="0" tests="0" name="Cucumber Tests" time="3.07" errors="0" timestamp="2025-09-08T10:47:26 IST">
  <testcase classname="com.runners.TestRunner" name="@BeforeClass generateFeatureFile" time="2.387">
    <failure type="org.json.JSONException" message="A JSONArray text must start with &amp;apos;[&amp;apos; at 1 [character 2 line 1]">
      <![CDATA[org.json.JSONException: A JSONArray text must start with '[' at 1 [character 2 line 1]
at org.json.JSONTokener.syntaxError(JSONTokener.java:503)
at org.json.JSONArray.<init>(JSONArray.java:89)
at org.json.JSONArray.<init>(JSONArray.java:142)
at utils.TestRailClient.getCases(TestRailClient.java:34)
at utils.TestRailFeatureGenerator.generateFeatures(TestRailFeatureGenerator.java:16)
at com.runners.TestRunner.generateFeatureFile(TestRunner.java:36)
at java.base/java.util.ArrayList.forEach(ArrayList.java:1596)
... Removed 23 stack frames]]>
    </failure>
  </testcase> <!-- @BeforeClass generateFeatureFile -->
</testsuite> <!-- Cucumber Tests -->
